<?xml version="1.0" encoding="UTF-8"?>
<coverage generated="1617607707985" clover="3.2.0">
  <project timestamp="1617607707985" name="All files">
    <metrics statements="42" coveredstatements="13" conditionals="64" coveredconditionals="9" methods="16" coveredmethods="1" elements="122" coveredelements="23" complexity="0" loc="42" ncloc="42" packages="11" files="11" classes="11"/>
    <package name="app.src.componentLib.button">
      <metrics statements="3" coveredstatements="3" conditionals="9" coveredconditionals="9" methods="1" coveredmethods="1"/>
      <file name="index.js" path="/Users/localuser/Dropbox/eoghan/projects/theseboys/web/site/theseboys/app/src/componentLib/button/index.js">
        <metrics statements="3" coveredstatements="3" conditionals="9" coveredconditionals="9" methods="1" coveredmethods="1"/>
        <line num="7" count="1" type="stmt"/>
        <line num="21" count="5" type="stmt"/>
        <line num="48" count="1" type="stmt"/>
      </file>
    </package>
    <package name="app.src.componentLib.icon">
      <metrics statements="0" coveredstatements="0" conditionals="0" coveredconditionals="0" methods="0" coveredmethods="0"/>
      <file name="index.js" path="/Users/localuser/Dropbox/eoghan/projects/theseboys/web/site/theseboys/app/src/componentLib/icon/index.js">
        <metrics statements="0" coveredstatements="0" conditionals="0" coveredconditionals="0" methods="0" coveredmethods="0"/>
      </file>
    </package>
    <package name="app.src.componentLib.icon.chevron">
      <metrics statements="2" coveredstatements="1" conditionals="3" coveredconditionals="0" methods="1" coveredmethods="0"/>
      <file name="index.js" path="/Users/localuser/Dropbox/eoghan/projects/theseboys/web/site/theseboys/app/src/componentLib/icon/chevron/index.js">
        <metrics statements="2" coveredstatements="1" conditionals="3" coveredconditionals="0" methods="1" coveredmethods="0"/>
        <line num="4" count="1" type="stmt"/>
        <line num="6" count="0" type="stmt"/>
      </file>
    </package>
    <package name="app.src.componentLib.icon.circle">
      <metrics statements="2" coveredstatements="1" conditionals="4" coveredconditionals="0" methods="1" coveredmethods="0"/>
      <file name="index.js" path="/Users/localuser/Dropbox/eoghan/projects/theseboys/web/site/theseboys/app/src/componentLib/icon/circle/index.js">
        <metrics statements="2" coveredstatements="1" conditionals="4" coveredconditionals="0" methods="1" coveredmethods="0"/>
        <line num="4" count="1" type="stmt"/>
        <line num="12" count="0" type="stmt"/>
      </file>
    </package>
    <package name="app.src.componentLib.icon.minus">
      <metrics statements="2" coveredstatements="1" conditionals="3" coveredconditionals="0" methods="1" coveredmethods="0"/>
      <file name="index.js" path="/Users/localuser/Dropbox/eoghan/projects/theseboys/web/site/theseboys/app/src/componentLib/icon/minus/index.js">
        <metrics statements="2" coveredstatements="1" conditionals="3" coveredconditionals="0" methods="1" coveredmethods="0"/>
        <line num="4" count="1" type="stmt"/>
        <line num="6" count="0" type="stmt"/>
      </file>
    </package>
    <package name="app.src.componentLib.icon.play">
      <metrics statements="2" coveredstatements="1" conditionals="4" coveredconditionals="0" methods="1" coveredmethods="0"/>
      <file name="index.js" path="/Users/localuser/Dropbox/eoghan/projects/theseboys/web/site/theseboys/app/src/componentLib/icon/play/index.js">
        <metrics statements="2" coveredstatements="1" conditionals="4" coveredconditionals="0" methods="1" coveredmethods="0"/>
        <line num="4" count="1" type="stmt"/>
        <line num="12" count="0" type="stmt"/>
      </file>
    </package>
    <package name="app.src.componentLib.icon.plus">
      <metrics statements="2" coveredstatements="1" conditionals="3" coveredconditionals="0" methods="1" coveredmethods="0"/>
      <file name="index.js" path="/Users/localuser/Dropbox/eoghan/projects/theseboys/web/site/theseboys/app/src/componentLib/icon/plus/index.js">
        <metrics statements="2" coveredstatements="1" conditionals="3" coveredconditionals="0" methods="1" coveredmethods="0"/>
        <line num="4" count="1" type="stmt"/>
        <line num="6" count="0" type="stmt"/>
      </file>
    </package>
    <package name="app.src.componentLib.icon.square">
      <metrics statements="2" coveredstatements="1" conditionals="4" coveredconditionals="0" methods="1" coveredmethods="0"/>
      <file name="index.js" path="/Users/localuser/Dropbox/eoghan/projects/theseboys/web/site/theseboys/app/src/componentLib/icon/square/index.js">
        <metrics statements="2" coveredstatements="1" conditionals="4" coveredconditionals="0" methods="1" coveredmethods="0"/>
        <line num="4" count="1" type="stmt"/>
        <line num="12" count="0" type="stmt"/>
      </file>
    </package>
    <package name="app.src.features.controller.controller">
      <metrics statements="2" coveredstatements="1" conditionals="1" coveredconditionals="0" methods="1" coveredmethods="0"/>
      <file name="index.js" path="/Users/localuser/Dropbox/eoghan/projects/theseboys/web/site/theseboys/app/src/features/controller/controller/index.js">
        <metrics statements="2" coveredstatements="1" conditionals="1" coveredconditionals="0" methods="1" coveredmethods="0"/>
        <line num="7" count="1" type="cond" truecount="0" falsecount="1"/>
        <line num="8" count="0" type="stmt"/>
      </file>
    </package>
    <package name="packages.theseboys-button-control.lib">
      <metrics statements="22" coveredstatements="1" conditionals="24" coveredconditionals="0" methods="7" coveredmethods="0"/>
      <file name="index.js" path="/Users/localuser/Dropbox/eoghan/projects/theseboys/web/site/theseboys/packages/theseboys-button-control/lib/index.js">
        <metrics statements="22" coveredstatements="1" conditionals="24" coveredconditionals="0" methods="7" coveredmethods="0"/>
        <line num="8" count="1" type="stmt"/>
        <line num="20" count="0" type="stmt"/>
        <line num="21" count="0" type="stmt"/>
        <line num="24" count="0" type="stmt"/>
        <line num="25" count="0" type="cond" truecount="0" falsecount="5"/>
        <line num="27" count="0" type="stmt"/>
        <line num="28" count="0" type="stmt"/>
        <line num="30" count="0" type="cond" truecount="0" falsecount="4"/>
        <line num="31" count="0" type="stmt"/>
        <line num="33" count="0" type="cond" truecount="0" falsecount="2"/>
        <line num="34" count="0" type="cond" truecount="0" falsecount="2"/>
        <line num="35" count="0" type="stmt"/>
        <line num="36" count="0" type="cond" truecount="0" falsecount="2"/>
        <line num="37" count="0" type="stmt"/>
        <line num="40" count="0" type="stmt"/>
        <line num="43" count="0" type="stmt"/>
        <line num="51" count="0" type="stmt"/>
        <line num="52" count="0" type="cond" truecount="0" falsecount="2"/>
        <line num="53" count="0" type="stmt"/>
        <line num="62" count="0" type="stmt"/>
        <line num="63" count="0" type="cond" truecount="0" falsecount="2"/>
        <line num="64" count="0" type="stmt"/>
      </file>
    </package>
    <package name="packages.theseboys-button.lib">
      <metrics statements="3" coveredstatements="2" conditionals="9" coveredconditionals="0" methods="1" coveredmethods="0"/>
      <file name="index.js" path="/Users/localuser/Dropbox/eoghan/projects/theseboys/web/site/theseboys/packages/theseboys-button/lib/index.js">
        <metrics statements="3" coveredstatements="2" conditionals="9" coveredconditionals="0" methods="1" coveredmethods="0"/>
        <line num="7" count="2" type="stmt"/>
        <line num="21" count="0" type="stmt"/>
        <line num="48" count="2" type="stmt"/>
      </file>
    </package>
  </project>
</coverage>
