<?xml version="1.0" encoding="UTF-8"?>
<coverage generated="1599663929854" clover="3.2.0">
  <project timestamp="1599663929854" name="All files">
    <metrics statements="3" coveredstatements="3" conditionals="2" coveredconditionals="2" methods="1" coveredmethods="1" elements="6" coveredelements="6" complexity="0" loc="3" ncloc="3" packages="1" files="1" classes="1"/>
    <file name="index.js" path="/Users/localuser/Dropbox/eoghan/projects/theseboys/web/site/theseboys/src/app/componentLib/Button/index.js">
      <metrics statements="3" coveredstatements="3" conditionals="2" coveredconditionals="2" methods="1" coveredmethods="1"/>
      <line num="8" count="1" type="cond" truecount="2" falsecount="0"/>
      <line num="9" count="5" type="stmt"/>
      <line num="18" count="1" type="stmt"/>
    </file>
  </project>
</coverage>
