{"/Users/localuser/Dropbox/eoghan/projects/theseboys/web/site/theseboys/app/src/componentLib/button/index.js": {"path":"/Users/localuser/Dropbox/eoghan/projects/theseboys/web/site/theseboys/app/src/componentLib/button/index.js","statementMap":{"0":{"start":{"line":7,"column":15},"end":{"line":44,"column":1}},"1":{"start":{"line":21,"column":4},"end":{"line":42,"column":6}},"2":{"start":{"line":48,"column":0},"end":{"line":51,"column":2}}},"fnMap":{"0":{"name":"(anonymous_0)","decl":{"start":{"line":8,"column":2},"end":{"line":8,"column":3}},"loc":{"start":{"line":20,"column":8},"end":{"line":43,"column":3}},"line":20}},"branchMap":{"0":{"loc":{"start":{"line":12,"column":4},"end":{"line":12,"column":22}},"type":"default-arg","locations":[{"start":{"line":12,"column":17},"end":{"line":12,"column":22}}],"line":12},"1":{"loc":{"start":{"line":14,"column":4},"end":{"line":14,"column":19}},"type":"default-arg","locations":[{"start":{"line":14,"column":11},"end":{"line":14,"column":19}}],"line":14},"2":{"loc":{"start":{"line":15,"column":4},"end":{"line":15,"column":19}},"type":"default-arg","locations":[{"start":{"line":15,"column":11},"end":{"line":15,"column":19}}],"line":15},"3":{"loc":{"start":{"line":16,"column":4},"end":{"line":16,"column":13}},"type":"default-arg","locations":[{"start":{"line":16,"column":11},"end":{"line":16,"column":13}}],"line":16},"4":{"loc":{"start":{"line":17,"column":4},"end":{"line":17,"column":20}},"type":"default-arg","locations":[{"start":{"line":17,"column":12},"end":{"line":17,"column":20}}],"line":17},"5":{"loc":{"start":{"line":29,"column":30},"end":{"line":29,"column":56}},"type":"binary-expr","locations":[{"start":{"line":29,"column":30},"end":{"line":29,"column":34}},{"start":{"line":29,"column":38},"end":{"line":29,"column":56}}],"line":29},"6":{"loc":{"start":{"line":30,"column":21},"end":{"line":30,"column":48}},"type":"binary-expr","locations":[{"start":{"line":30,"column":21},"end":{"line":30,"column":26}},{"start":{"line":30,"column":30},"end":{"line":30,"column":48}}],"line":30}},"s":{"0":1,"1":5,"2":1},"f":{"0":5},"b":{"0":[5],"1":[5],"2":[5],"3":[4],"4":[4],"5":[5,5],"6":[5,5]},"_coverageSchema":"1a1c01bbd47fc00a2c39e90264f33305004495a9","hash":"6b19a8ce2a45f22186ac66297f2f05849e7c523a"}
,"/Users/localuser/Dropbox/eoghan/projects/theseboys/web/site/theseboys/app/src/componentLib/icon/index.js": {"path":"/Users/localuser/Dropbox/eoghan/projects/theseboys/web/site/theseboys/app/src/componentLib/icon/index.js","statementMap":{},"fnMap":{},"branchMap":{},"s":{},"f":{},"b":{},"_coverageSchema":"1a1c01bbd47fc00a2c39e90264f33305004495a9","hash":"8a8b1affcb47dab414b4144fe296d34fa562bed9"}
,"/Users/localuser/Dropbox/eoghan/projects/theseboys/web/site/theseboys/app/src/componentLib/icon/chevron/index.js": {"path":"/Users/localuser/Dropbox/eoghan/projects/theseboys/web/site/theseboys/app/src/componentLib/icon/chevron/index.js","statementMap":{"0":{"start":{"line":4,"column":16},"end":{"line":22,"column":1}},"1":{"start":{"line":6,"column":4},"end":{"line":20,"column":6}}},"fnMap":{"0":{"name":"(anonymous_0)","decl":{"start":{"line":5,"column":2},"end":{"line":5,"column":3}},"loc":{"start":{"line":5,"column":94},"end":{"line":21,"column":3}},"line":5}},"branchMap":{"0":{"loc":{"start":{"line":5,"column":16},"end":{"line":5,"column":30}},"type":"default-arg","locations":[{"start":{"line":5,"column":24},"end":{"line":5,"column":30}}],"line":5},"1":{"loc":{"start":{"line":5,"column":32},"end":{"line":5,"column":68}},"type":"default-arg","locations":[{"start":{"line":5,"column":41},"end":{"line":5,"column":68}}],"line":5},"2":{"loc":{"start":{"line":5,"column":70},"end":{"line":5,"column":87}},"type":"default-arg","locations":[{"start":{"line":5,"column":84},"end":{"line":5,"column":87}}],"line":5}},"s":{"0":1,"1":0},"f":{"0":0},"b":{"0":[0],"1":[0],"2":[0]},"_coverageSchema":"1a1c01bbd47fc00a2c39e90264f33305004495a9","hash":"2b715d29882bc9ec282ea711bc8b98d4ae77eded"}
,"/Users/localuser/Dropbox/eoghan/projects/theseboys/web/site/theseboys/app/src/componentLib/icon/circle/index.js": {"path":"/Users/localuser/Dropbox/eoghan/projects/theseboys/web/site/theseboys/app/src/componentLib/icon/circle/index.js","statementMap":{"0":{"start":{"line":4,"column":15},"end":{"line":23,"column":1}},"1":{"start":{"line":12,"column":4},"end":{"line":21,"column":6}}},"fnMap":{"0":{"name":"(anonymous_0)","decl":{"start":{"line":5,"column":2},"end":{"line":5,"column":3}},"loc":{"start":{"line":11,"column":8},"end":{"line":22,"column":3}},"line":11}},"branchMap":{"0":{"loc":{"start":{"line":7,"column":4},"end":{"line":7,"column":18}},"type":"default-arg","locations":[{"start":{"line":7,"column":12},"end":{"line":7,"column":18}}],"line":7},"1":{"loc":{"start":{"line":8,"column":4},"end":{"line":8,"column":38}},"type":"default-arg","locations":[{"start":{"line":8,"column":11},"end":{"line":8,"column":38}}],"line":8},"2":{"loc":{"start":{"line":9,"column":4},"end":{"line":9,"column":40}},"type":"default-arg","locations":[{"start":{"line":9,"column":13},"end":{"line":9,"column":40}}],"line":9},"3":{"loc":{"start":{"line":10,"column":4},"end":{"line":10,"column":21}},"type":"default-arg","locations":[{"start":{"line":10,"column":18},"end":{"line":10,"column":21}}],"line":10}},"s":{"0":1,"1":0},"f":{"0":0},"b":{"0":[0],"1":[0],"2":[0],"3":[0]},"_coverageSchema":"1a1c01bbd47fc00a2c39e90264f33305004495a9","hash":"2e06939c0a4fdeeb8edc04ff7882f75c8124dd29"}
,"/Users/localuser/Dropbox/eoghan/projects/theseboys/web/site/theseboys/app/src/componentLib/icon/minus/index.js": {"path":"/Users/localuser/Dropbox/eoghan/projects/theseboys/web/site/theseboys/app/src/componentLib/icon/minus/index.js","statementMap":{"0":{"start":{"line":4,"column":14},"end":{"line":25,"column":1}},"1":{"start":{"line":6,"column":4},"end":{"line":23,"column":6}}},"fnMap":{"0":{"name":"(anonymous_0)","decl":{"start":{"line":5,"column":2},"end":{"line":5,"column":3}},"loc":{"start":{"line":5,"column":94},"end":{"line":24,"column":3}},"line":5}},"branchMap":{"0":{"loc":{"start":{"line":5,"column":16},"end":{"line":5,"column":30}},"type":"default-arg","locations":[{"start":{"line":5,"column":24},"end":{"line":5,"column":30}}],"line":5},"1":{"loc":{"start":{"line":5,"column":32},"end":{"line":5,"column":68}},"type":"default-arg","locations":[{"start":{"line":5,"column":41},"end":{"line":5,"column":68}}],"line":5},"2":{"loc":{"start":{"line":5,"column":70},"end":{"line":5,"column":87}},"type":"default-arg","locations":[{"start":{"line":5,"column":84},"end":{"line":5,"column":87}}],"line":5}},"s":{"0":1,"1":0},"f":{"0":0},"b":{"0":[0],"1":[0],"2":[0]},"_coverageSchema":"1a1c01bbd47fc00a2c39e90264f33305004495a9","hash":"47d29b6272d651075645e9ab26ac16ce81726c73"}
,"/Users/localuser/Dropbox/eoghan/projects/theseboys/web/site/theseboys/app/src/componentLib/icon/play/index.js": {"path":"/Users/localuser/Dropbox/eoghan/projects/theseboys/web/site/theseboys/app/src/componentLib/icon/play/index.js","statementMap":{"0":{"start":{"line":4,"column":16},"end":{"line":28,"column":1}},"1":{"start":{"line":12,"column":4},"end":{"line":26,"column":6}}},"fnMap":{"0":{"name":"(anonymous_0)","decl":{"start":{"line":5,"column":2},"end":{"line":5,"column":3}},"loc":{"start":{"line":11,"column":8},"end":{"line":27,"column":3}},"line":11}},"branchMap":{"0":{"loc":{"start":{"line":7,"column":4},"end":{"line":7,"column":18}},"type":"default-arg","locations":[{"start":{"line":7,"column":12},"end":{"line":7,"column":18}}],"line":7},"1":{"loc":{"start":{"line":8,"column":4},"end":{"line":8,"column":38}},"type":"default-arg","locations":[{"start":{"line":8,"column":11},"end":{"line":8,"column":38}}],"line":8},"2":{"loc":{"start":{"line":9,"column":4},"end":{"line":9,"column":40}},"type":"default-arg","locations":[{"start":{"line":9,"column":13},"end":{"line":9,"column":40}}],"line":9},"3":{"loc":{"start":{"line":10,"column":4},"end":{"line":10,"column":21}},"type":"default-arg","locations":[{"start":{"line":10,"column":18},"end":{"line":10,"column":21}}],"line":10}},"s":{"0":1,"1":0},"f":{"0":0},"b":{"0":[0],"1":[0],"2":[0],"3":[0]},"_coverageSchema":"1a1c01bbd47fc00a2c39e90264f33305004495a9","hash":"2385736f05815c979c321db027240443826a8614"}
,"/Users/localuser/Dropbox/eoghan/projects/theseboys/web/site/theseboys/app/src/componentLib/icon/plus/index.js": {"path":"/Users/localuser/Dropbox/eoghan/projects/theseboys/web/site/theseboys/app/src/componentLib/icon/plus/index.js","statementMap":{"0":{"start":{"line":4,"column":13},"end":{"line":34,"column":1}},"1":{"start":{"line":6,"column":4},"end":{"line":32,"column":6}}},"fnMap":{"0":{"name":"(anonymous_0)","decl":{"start":{"line":5,"column":2},"end":{"line":5,"column":3}},"loc":{"start":{"line":5,"column":94},"end":{"line":33,"column":3}},"line":5}},"branchMap":{"0":{"loc":{"start":{"line":5,"column":16},"end":{"line":5,"column":30}},"type":"default-arg","locations":[{"start":{"line":5,"column":24},"end":{"line":5,"column":30}}],"line":5},"1":{"loc":{"start":{"line":5,"column":32},"end":{"line":5,"column":68}},"type":"default-arg","locations":[{"start":{"line":5,"column":41},"end":{"line":5,"column":68}}],"line":5},"2":{"loc":{"start":{"line":5,"column":70},"end":{"line":5,"column":87}},"type":"default-arg","locations":[{"start":{"line":5,"column":84},"end":{"line":5,"column":87}}],"line":5}},"s":{"0":1,"1":0},"f":{"0":0},"b":{"0":[0],"1":[0],"2":[0]},"_coverageSchema":"1a1c01bbd47fc00a2c39e90264f33305004495a9","hash":"476821a2de13ae71346eadca4de60ea94bcd1833"}
,"/Users/localuser/Dropbox/eoghan/projects/theseboys/web/site/theseboys/app/src/componentLib/icon/square/index.js": {"path":"/Users/localuser/Dropbox/eoghan/projects/theseboys/web/site/theseboys/app/src/componentLib/icon/square/index.js","statementMap":{"0":{"start":{"line":4,"column":15},"end":{"line":23,"column":1}},"1":{"start":{"line":12,"column":4},"end":{"line":21,"column":6}}},"fnMap":{"0":{"name":"(anonymous_0)","decl":{"start":{"line":5,"column":2},"end":{"line":5,"column":3}},"loc":{"start":{"line":11,"column":8},"end":{"line":22,"column":3}},"line":11}},"branchMap":{"0":{"loc":{"start":{"line":7,"column":4},"end":{"line":7,"column":18}},"type":"default-arg","locations":[{"start":{"line":7,"column":12},"end":{"line":7,"column":18}}],"line":7},"1":{"loc":{"start":{"line":8,"column":4},"end":{"line":8,"column":38}},"type":"default-arg","locations":[{"start":{"line":8,"column":11},"end":{"line":8,"column":38}}],"line":8},"2":{"loc":{"start":{"line":9,"column":4},"end":{"line":9,"column":40}},"type":"default-arg","locations":[{"start":{"line":9,"column":13},"end":{"line":9,"column":40}}],"line":9},"3":{"loc":{"start":{"line":10,"column":4},"end":{"line":10,"column":21}},"type":"default-arg","locations":[{"start":{"line":10,"column":18},"end":{"line":10,"column":21}}],"line":10}},"s":{"0":1,"1":0},"f":{"0":0},"b":{"0":[0],"1":[0],"2":[0],"3":[0]},"_coverageSchema":"1a1c01bbd47fc00a2c39e90264f33305004495a9","hash":"aea4213d83fde4dc90add70e1b713673b4b1629a"}
,"/Users/localuser/Dropbox/eoghan/projects/theseboys/web/site/theseboys/app/src/features/controller/controller/index.js": {"path":"/Users/localuser/Dropbox/eoghan/projects/theseboys/web/site/theseboys/app/src/features/controller/controller/index.js","statementMap":{"0":{"start":{"line":7,"column":19},"end":{"line":13,"column":2}},"1":{"start":{"line":8,"column":2},"end":{"line":12,"column":4}}},"fnMap":{"0":{"name":"(anonymous_0)","decl":{"start":{"line":7,"column":24},"end":{"line":7,"column":25}},"loc":{"start":{"line":7,"column":67},"end":{"line":13,"column":1}},"line":7}},"branchMap":{"0":{"loc":{"start":{"line":7,"column":41},"end":{"line":7,"column":60}},"type":"default-arg","locations":[{"start":{"line":7,"column":50},"end":{"line":7,"column":60}}],"line":7}},"s":{"0":1,"1":0},"f":{"0":0},"b":{"0":[0]},"_coverageSchema":"1a1c01bbd47fc00a2c39e90264f33305004495a9","hash":"f4fde3d4ff00e7cf9e6b05d63bea0592671ee34b"}
,"/Users/localuser/Dropbox/eoghan/projects/theseboys/web/site/theseboys/packages/theseboys-button-control/lib/index.js": {"path":"/Users/localuser/Dropbox/eoghan/projects/theseboys/web/site/theseboys/packages/theseboys-button-control/lib/index.js","statementMap":{"0":{"start":{"line":8,"column":22},"end":{"line":74,"column":1}},"1":{"start":{"line":20,"column":4},"end":{"line":22,"column":23}},"2":{"start":{"line":21,"column":6},"end":{"line":21,"column":35}},"3":{"start":{"line":24,"column":27},"end":{"line":41,"column":5}},"4":{"start":{"line":25,"column":6},"end":{"line":25,"column":68}},"5":{"start":{"line":25,"column":61},"end":{"line":25,"column":68}},"6":{"start":{"line":27,"column":6},"end":{"line":27,"column":100}},"7":{"start":{"line":27,"column":65},"end":{"line":27,"column":98}},"8":{"start":{"line":28,"column":6},"end":{"line":28,"column":95}},"9":{"start":{"line":30,"column":6},"end":{"line":38,"column":7}},"10":{"start":{"line":31,"column":8},"end":{"line":33,"column":87}},"11":{"start":{"line":33,"column":25},"end":{"line":33,"column":85}},"12":{"start":{"line":34,"column":13},"end":{"line":38,"column":7}},"13":{"start":{"line":35,"column":8},"end":{"line":35,"column":78}},"14":{"start":{"line":36,"column":13},"end":{"line":38,"column":7}},"15":{"start":{"line":37,"column":8},"end":{"line":37,"column":78}},"16":{"start":{"line":40,"column":6},"end":{"line":40,"column":20}},"17":{"start":{"line":43,"column":4},"end":{"line":72,"column":6}},"18":{"start":{"line":51,"column":27},"end":{"line":51,"column":60}},"19":{"start":{"line":52,"column":14},"end":{"line":52,"column":37}},"20":{"start":{"line":52,"column":30},"end":{"line":52,"column":37}},"21":{"start":{"line":53,"column":14},"end":{"line":53,"column":35}},"22":{"start":{"line":62,"column":27},"end":{"line":62,"column":60}},"23":{"start":{"line":63,"column":14},"end":{"line":63,"column":37}},"24":{"start":{"line":63,"column":30},"end":{"line":63,"column":37}},"25":{"start":{"line":64,"column":14},"end":{"line":64,"column":35}}},"fnMap":{"0":{"name":"(anonymous_0)","decl":{"start":{"line":9,"column":2},"end":{"line":9,"column":3}},"loc":{"start":{"line":19,"column":8},"end":{"line":73,"column":3}},"line":19},"1":{"name":"(anonymous_1)","decl":{"start":{"line":20,"column":14},"end":{"line":20,"column":15}},"loc":{"start":{"line":20,"column":20},"end":{"line":22,"column":5}},"line":20},"2":{"name":"(anonymous_2)","decl":{"start":{"line":24,"column":27},"end":{"line":24,"column":28}},"loc":{"start":{"line":24,"column":34},"end":{"line":41,"column":5}},"line":24},"3":{"name":"(anonymous_3)","decl":{"start":{"line":27,"column":60},"end":{"line":27,"column":61}},"loc":{"start":{"line":27,"column":65},"end":{"line":27,"column":98}},"line":27},"4":{"name":"(anonymous_4)","decl":{"start":{"line":33,"column":20},"end":{"line":33,"column":21}},"loc":{"start":{"line":33,"column":25},"end":{"line":33,"column":85}},"line":33},"5":{"name":"(anonymous_5)","decl":{"start":{"line":50,"column":21},"end":{"line":50,"column":22}},"loc":{"start":{"line":50,"column":26},"end":{"line":54,"column":13}},"line":50},"6":{"name":"(anonymous_6)","decl":{"start":{"line":61,"column":21},"end":{"line":61,"column":22}},"loc":{"start":{"line":61,"column":26},"end":{"line":65,"column":13}},"line":61}},"branchMap":{"0":{"loc":{"start":{"line":11,"column":4},"end":{"line":11,"column":23}},"type":"default-arg","locations":[{"start":{"line":11,"column":13},"end":{"line":11,"column":23}}],"line":11},"1":{"loc":{"start":{"line":13,"column":4},"end":{"line":13,"column":12}},"type":"default-arg","locations":[{"start":{"line":13,"column":11},"end":{"line":13,"column":12}}],"line":13},"2":{"loc":{"start":{"line":14,"column":4},"end":{"line":14,"column":11}},"type":"default-arg","locations":[{"start":{"line":14,"column":10},"end":{"line":14,"column":11}}],"line":14},"3":{"loc":{"start":{"line":15,"column":4},"end":{"line":15,"column":13}},"type":"default-arg","locations":[{"start":{"line":15,"column":10},"end":{"line":15,"column":13}}],"line":15},"4":{"loc":{"start":{"line":17,"column":4},"end":{"line":17,"column":15}},"type":"default-arg","locations":[{"start":{"line":17,"column":14},"end":{"line":17,"column":15}}],"line":17},"5":{"loc":{"start":{"line":25,"column":6},"end":{"line":25,"column":68}},"type":"if","locations":[{"start":{"line":25,"column":6},"end":{"line":25,"column":68}},{"start":{"line":25,"column":6},"end":{"line":25,"column":68}}],"line":25},"6":{"loc":{"start":{"line":25,"column":10},"end":{"line":25,"column":59}},"type":"binary-expr","locations":[{"start":{"line":25,"column":10},"end":{"line":25,"column":33}},{"start":{"line":25,"column":37},"end":{"line":25,"column":46}},{"start":{"line":25,"column":50},"end":{"line":25,"column":59}}],"line":25},"7":{"loc":{"start":{"line":30,"column":6},"end":{"line":38,"column":7}},"type":"if","locations":[{"start":{"line":30,"column":6},"end":{"line":38,"column":7}},{"start":{"line":30,"column":6},"end":{"line":38,"column":7}}],"line":30},"8":{"loc":{"start":{"line":30,"column":10},"end":{"line":30,"column":32}},"type":"binary-expr","locations":[{"start":{"line":30,"column":10},"end":{"line":30,"column":19}},{"start":{"line":30,"column":23},"end":{"line":30,"column":32}}],"line":30},"9":{"loc":{"start":{"line":33,"column":25},"end":{"line":33,"column":85}},"type":"binary-expr","locations":[{"start":{"line":33,"column":25},"end":{"line":33,"column":54}},{"start":{"line":33,"column":58},"end":{"line":33,"column":85}}],"line":33},"10":{"loc":{"start":{"line":34,"column":13},"end":{"line":38,"column":7}},"type":"if","locations":[{"start":{"line":34,"column":13},"end":{"line":38,"column":7}},{"start":{"line":34,"column":13},"end":{"line":38,"column":7}}],"line":34},"11":{"loc":{"start":{"line":36,"column":13},"end":{"line":38,"column":7}},"type":"if","locations":[{"start":{"line":36,"column":13},"end":{"line":38,"column":7}},{"start":{"line":36,"column":13},"end":{"line":38,"column":7}}],"line":36},"12":{"loc":{"start":{"line":52,"column":14},"end":{"line":52,"column":37}},"type":"if","locations":[{"start":{"line":52,"column":14},"end":{"line":52,"column":37}},{"start":{"line":52,"column":14},"end":{"line":52,"column":37}}],"line":52},"13":{"loc":{"start":{"line":63,"column":14},"end":{"line":63,"column":37}},"type":"if","locations":[{"start":{"line":63,"column":14},"end":{"line":63,"column":37}},{"start":{"line":63,"column":14},"end":{"line":63,"column":37}}],"line":63}},"s":{"0":1,"1":0,"2":0,"3":0,"4":0,"5":0,"6":0,"7":0,"8":0,"9":0,"10":0,"11":0,"12":0,"13":0,"14":0,"15":0,"16":0,"17":0,"18":0,"19":0,"20":0,"21":0,"22":0,"23":0,"24":0,"25":0},"f":{"0":0,"1":0,"2":0,"3":0,"4":0,"5":0,"6":0},"b":{"0":[0],"1":[0],"2":[0],"3":[0],"4":[0],"5":[0,0],"6":[0,0,0],"7":[0,0],"8":[0,0],"9":[0,0],"10":[0,0],"11":[0,0],"12":[0,0],"13":[0,0]},"_coverageSchema":"1a1c01bbd47fc00a2c39e90264f33305004495a9","hash":"935fd9d7322ee1ee19aa941a9c04db95e2ca466d"}
,"/Users/localuser/Dropbox/eoghan/projects/theseboys/web/site/theseboys/packages/theseboys-button/lib/index.js": {"path":"/Users/localuser/Dropbox/eoghan/projects/theseboys/web/site/theseboys/packages/theseboys-button/lib/index.js","statementMap":{"0":{"start":{"line":7,"column":15},"end":{"line":44,"column":1}},"1":{"start":{"line":21,"column":4},"end":{"line":42,"column":6}},"2":{"start":{"line":48,"column":0},"end":{"line":51,"column":2}}},"fnMap":{"0":{"name":"(anonymous_0)","decl":{"start":{"line":8,"column":2},"end":{"line":8,"column":3}},"loc":{"start":{"line":20,"column":8},"end":{"line":43,"column":3}},"line":20}},"branchMap":{"0":{"loc":{"start":{"line":12,"column":4},"end":{"line":12,"column":22}},"type":"default-arg","locations":[{"start":{"line":12,"column":17},"end":{"line":12,"column":22}}],"line":12},"1":{"loc":{"start":{"line":14,"column":4},"end":{"line":14,"column":19}},"type":"default-arg","locations":[{"start":{"line":14,"column":11},"end":{"line":14,"column":19}}],"line":14},"2":{"loc":{"start":{"line":15,"column":4},"end":{"line":15,"column":19}},"type":"default-arg","locations":[{"start":{"line":15,"column":11},"end":{"line":15,"column":19}}],"line":15},"3":{"loc":{"start":{"line":16,"column":4},"end":{"line":16,"column":13}},"type":"default-arg","locations":[{"start":{"line":16,"column":11},"end":{"line":16,"column":13}}],"line":16},"4":{"loc":{"start":{"line":17,"column":4},"end":{"line":17,"column":20}},"type":"default-arg","locations":[{"start":{"line":17,"column":12},"end":{"line":17,"column":20}}],"line":17},"5":{"loc":{"start":{"line":29,"column":30},"end":{"line":29,"column":56}},"type":"binary-expr","locations":[{"start":{"line":29,"column":30},"end":{"line":29,"column":34}},{"start":{"line":29,"column":38},"end":{"line":29,"column":56}}],"line":29},"6":{"loc":{"start":{"line":30,"column":21},"end":{"line":30,"column":48}},"type":"binary-expr","locations":[{"start":{"line":30,"column":21},"end":{"line":30,"column":26}},{"start":{"line":30,"column":30},"end":{"line":30,"column":48}}],"line":30}},"s":{"0":2,"1":0,"2":2},"f":{"0":0},"b":{"0":[0],"1":[0],"2":[0],"3":[0],"4":[0],"5":[0,0],"6":[0,0]},"_coverageSchema":"1a1c01bbd47fc00a2c39e90264f33305004495a9","hash":"43b537fd1568400e3596a416d8128c9cd4fe0d26"}
}
