{"/Users/localuser/Dropbox/eoghan/projects/theseboys/web/site/theseboys/src/app/componentLib/Button/index.js": {"path":"/Users/localuser/Dropbox/eoghan/projects/theseboys/web/site/theseboys/src/app/componentLib/Button/index.js","statementMap":{"0":{"start":{"line":8,"column":15},"end":{"line":14,"column":2}},"1":{"start":{"line":9,"column":2},"end":{"line":13,"column":4}},"2":{"start":{"line":18,"column":0},"end":{"line":21,"column":2}}},"fnMap":{"0":{"name":"(anonymous_0)","decl":{"start":{"line":8,"column":20},"end":{"line":8,"column":21}},"loc":{"start":{"line":8,"column":87},"end":{"line":14,"column":1}},"line":8}},"branchMap":{"0":{"loc":{"start":{"line":8,"column":44},"end":{"line":8,"column":53}},"type":"default-arg","locations":[{"start":{"line":8,"column":51},"end":{"line":8,"column":53}}],"line":8},"1":{"loc":{"start":{"line":8,"column":55},"end":{"line":8,"column":71}},"type":"default-arg","locations":[{"start":{"line":8,"column":63},"end":{"line":8,"column":71}}],"line":8}},"s":{"0":1,"1":5,"2":1},"f":{"0":5},"b":{"0":[4],"1":[4]},"_coverageSchema":"1a1c01bbd47fc00a2c39e90264f33305004495a9","hash":"f3547892cd1f08c5e1e7c2cffb4a71bfd04ed895"}
}
